# JRE version: OpenJDK Runtime Environment (8.0_252-b09) (build 1.8.0_252-b09)
# Java VM: OpenJDK 64-Bit Server VM (25.252-b09 mixed mode bsd-amd64 compressed oops)
Heap:
 PSYoungGen      total 322560K, used 16284K [0x00000007aab00000, 0x00000007c0000000, 0x00000007c0000000)
  eden space 296960K, 5% used [0x00000007aab00000,0x00000007abae73b0,0x00000007bcd00000)
  from space 25600K, 0% used [0x00000007bcd00000,0x00000007bcd00000,0x00000007be600000)
  to   space 25600K, 0% used [0x00000007be700000,0x00000007be700000,0x00000007c0000000)
 ParOldGen       total 175104K, used 72199K [0x0000000780000000, 0x000000078ab00000, 0x00000007aab00000)
  object space 175104K, 41% used [0x0000000780000000,0x0000000784681d90,0x000000078ab00000)
 Metaspace       used 13726K, capacity 14444K, committed 14592K, reserved 1060864K
  class space    used 2018K, capacity 2185K, committed 2304K, reserved 1048576K
GC Heap History (10 events):
Event: 4.470 GC heap before
{Heap before GC invocations=29 (full 12):
 PSYoungGen      total 272896K, used 262144K [0x00000007aab00000, 0x00000007bc000000, 0x00000007c0000000)
  eden space 262144K, 100% used [0x00000007aab00000,0x00000007bab00000,0x00000007bab00000)
  from space 10752K, 0% used [0x00000007bb580000,0x00000007bb580000,0x00000007bc000000)
  to   space 10752K, 0% used [0x00000007bab00000,0x00000007bab00000,0x00000007bb580000)
 ParOldGen       total 175104K, used 53319K [0x0000000780000000, 0x000000078ab00000, 0x00000007aab00000)
  object space 175104K, 30% used [0x0000000780000000,0x0000000783411e30,0x000000078ab00000)
 Metaspace       used 13668K, capacity 14272K, committed 14464K, reserved 1060864K
  class space    used 2011K, capacity 2151K, committed 2176K, reserved 1048576K
Event: 4.486 GC heap after
Heap after GC invocations=29 (full 12):
 PSYoungGen      total 272896K, used 10752K [0x00000007aab00000, 0x00000007c0000000, 0x00000007c0000000)
  eden space 262144K, 0% used [0x00000007aab00000,0x00000007aab00000,0x00000007bab00000)
  from space 10752K, 100% used [0x00000007bab00000,0x00000007bb580000,0x00000007bb580000)
  to   space 26624K, 0% used [0x00000007be600000,0x00000007be600000,0x00000007c0000000)
 ParOldGen       total 175104K, used 65883K [0x0000000780000000, 0x000000078ab00000, 0x00000007aab00000)
  object space 175104K, 37% used [0x0000000780000000,0x0000000784056fc8,0x000000078ab00000)
 Metaspace       used 13668K, capacity 14272K, committed 14464K, reserved 1060864K
  class space    used 2011K, capacity 2151K, committed 2176K, reserved 1048576K
}
Event: 4.505 GC heap before
{Heap before GC invocations=30 (full 12):
 PSYoungGen      total 272896K, used 17497K [0x00000007aab00000, 0x00000007c0000000, 0x00000007c0000000)
  eden space 262144K, 2% used [0x00000007aab00000,0x00000007ab196428,0x00000007bab00000)
  from space 10752K, 100% used [0x00000007bab00000,0x00000007bb580000,0x00000007bb580000)
  to   space 26624K, 0% used [0x00000007be600000,0x00000007be600000,0x00000007c0000000)
 ParOldGen       total 175104K, used 65883K [0x0000000780000000, 0x000000078ab00000, 0x00000007aab00000)
  object space 175104K, 37% used [0x0000000780000000,0x0000000784056fc8,0x000000078ab00000)
 Metaspace       used 13691K, capacity 14348K, committed 14464K, reserved 1060864K
  class space    used 2012K, capacity 2153K, committed 2176K, reserved 1048576K
Event: 4.511 GC heap after
Heap after GC invocations=30 (full 12):
 PSYoungGen      total 323584K, used 10848K [0x00000007aab00000, 0x00000007c0000000, 0x00000007c0000000)
  eden space 296960K, 0% used [0x00000007aab00000,0x00000007aab00000,0x00000007bcd00000)
  from space 26624K, 40% used [0x00000007be600000,0x00000007bf098000,0x00000007c0000000)
  to   space 25600K, 0% used [0x00000007bcd00000,0x00000007bcd00000,0x00000007be600000)
 ParOldGen       total 175104K, used 65891K [0x0000000780000000, 0x000000078ab00000, 0x00000007aab00000)
  object space 175104K, 37% used [0x0000000780000000,0x0000000784058fc8,0x000000078ab00000)
 Metaspace       used 13691K, capacity 14348K, committed 14464K, reserved 1060864K
  class space    used 2012K, capacity 2153K, committed 2176K, reserved 1048576K
}
Event: 4.511 GC heap before
{Heap before GC invocations=31 (full 13):
 PSYoungGen      total 323584K, used 10848K [0x00000007aab00000, 0x00000007c0000000, 0x00000007c0000000)
  eden space 296960K, 0% used [0x00000007aab00000,0x00000007aab00000,0x00000007bcd00000)
  from space 26624K, 40% used [0x00000007be600000,0x00000007bf098000,0x00000007c0000000)
  to   space 25600K, 0% used [0x00000007bcd00000,0x00000007bcd00000,0x00000007be600000)
 ParOldGen       total 175104K, used 65891K [0x0000000780000000, 0x000000078ab00000, 0x00000007aab00000)
  object space 175104K, 37% used [0x0000000780000000,0x0000000784058fc8,0x000000078ab00000)
 Metaspace       used 13691K, capacity 14348K, committed 14464K, reserved 1060864K
  class space    used 2012K, capacity 2153K, committed 2176K, reserved 1048576K
Event: 4.668 GC heap after
Heap after GC invocations=31 (full 13):
 PSYoungGen      total 323584K, used 0K [0x00000007aab00000, 0x00000007c0000000, 0x00000007c0000000)
  eden space 296960K, 0% used [0x00000007aab00000,0x00000007aab00000,0x00000007bcd00000)
  from space 26624K, 0% used [0x00000007be600000,0x00000007be600000,0x00000007c0000000)
  to   space 25600K, 0% used [0x00000007bcd00000,0x00000007bcd00000,0x00000007be600000)
 ParOldGen       total 175104K, used 72150K [0x0000000780000000, 0x000000078ab00000, 0x00000007aab00000)
  object space 175104K, 41% used [0x0000000780000000,0x00000007846758b8,0x000000078ab00000)
 Metaspace       used 13691K, capacity 14348K, committed 14464K, reserved 1060864K
  class space    used 2012K, capacity 2153K, committed 2176K, reserved 1048576K
}
Event: 4.688 GC heap before
{Heap before GC invocations=32 (full 13):
 PSYoungGen      total 323584K, used 7640K [0x00000007aab00000, 0x00000007c0000000, 0x00000007c0000000)
  eden space 296960K, 2% used [0x00000007aab00000,0x00000007ab2762d8,0x00000007bcd00000)
  from space 26624K, 0% used [0x00000007be600000,0x00000007be600000,0x00000007c0000000)
  to   space 25600K, 0% used [0x00000007bcd00000,0x00000007bcd00000,0x00000007be600000)
 ParOldGen       total 175104K, used 72150K [0x0000000780000000, 0x000000078ab00000, 0x00000007aab00000)
  object space 175104K, 41% used [0x0000000780000000,0x00000007846758b8,0x000000078ab00000)
 Metaspace       used 13709K, capacity 14348K, committed 14464K, reserved 1060864K
  class space    used 2014K, capacity 2153K, committed 2176K, reserved 1048576K
Event: 4.689 GC heap after
Heap after GC invocations=32 (full 13):
 PSYoungGen      total 322560K, used 256K [0x00000007aab00000, 0x00000007c0000000, 0x00000007c0000000)
  eden space 296960K, 0% used [0x00000007aab00000,0x00000007aab00000,0x00000007bcd00000)
  from space 25600K, 1% used [0x00000007bcd00000,0x00000007bcd40000,0x00000007be600000)
  to   space 25600K, 0% used [0x00000007be700000,0x00000007be700000,0x00000007c0000000)
 ParOldGen       total 175104K, used 72158K [0x0000000780000000, 0x000000078ab00000, 0x00000007aab00000)
  object space 175104K, 41% used [0x0000000780000000,0x00000007846778b8,0x000000078ab00000)
 Metaspace       used 13709K, capacity 14348K, committed 14464K, reserved 1060864K
  class space    used 2014K, capacity 2153K, committed 2176K, reserved 1048576K
}
Event: 4.689 GC heap before
{Heap before GC invocations=33 (full 14):
 PSYoungGen      total 322560K, used 256K [0x00000007aab00000, 0x00000007c0000000, 0x00000007c0000000)
  eden space 296960K, 0% used [0x00000007aab00000,0x00000007aab00000,0x00000007bcd00000)
  from space 25600K, 1% used [0x00000007bcd00000,0x00000007bcd40000,0x00000007be600000)
  to   space 25600K, 0% used [0x00000007be700000,0x00000007be700000,0x00000007c0000000)
 ParOldGen       total 175104K, used 72158K [0x0000000780000000, 0x000000078ab00000, 0x00000007aab00000)
  object space 175104K, 41% used [0x0000000780000000,0x00000007846778b8,0x000000078ab00000)
 Metaspace       used 13709K, capacity 14348K, committed 14464K, reserved 1060864K
  class space    used 2014K, capacity 2153K, committed 2176K, reserved 1048576K
Event: 4.801 GC heap after
Heap after GC invocations=33 (full 14):
 PSYoungGen      total 322560K, used 0K [0x00000007aab00000, 0x00000007c0000000, 0x00000007c0000000)
  eden space 296960K, 0% used [0x00000007aab00000,0x00000007aab00000,0x00000007bcd00000)
  from space 25600K, 0% used [0x00000007bcd00000,0x00000007bcd00000,0x00000007be600000)
  to   space 25600K, 0% used [0x00000007be700000,0x00000007be700000,0x00000007c0000000)
 ParOldGen       total 175104K, used 72199K [0x0000000780000000, 0x000000078ab00000, 0x00000007aab00000)
  object space 175104K, 41% used [0x0000000780000000,0x0000000784681d90,0x000000078ab00000)
 Metaspace       used 13709K, capacity 14348K, committed 14464K, reserved 1060864K
  class space    used 2014K, capacity 2153K, committed 2176K, reserved 1048576K
}

